<?xml version="1.0" encoding="UTF-8"?>
<!-- Generated by org.testng.reporters.JUnitReportReporter -->
<testsuite skipped="0" hostname="PREDATOR300" name="BluestackPackage.BSTest" tests="1" failures="0" timestamp="2021-02-04T22:00:31 IST" time="568.078" errors="0">
  <testcase name="readGameData" time="568.078" classname="BluestackPackage.BSTest"/>
  <system-out/>
</testsuite> <!-- BluestackPackage.BSTest -->
